This file contains any messages produced by compilers while
running configure, to aid debugging if configure makes a mistake.

It was created by configure, which was
generated by GNU Autoconf 2.59.  Invocation command line was

  $ ./configure --with-flavor=gcc32dbg

## --------- ##
## Platform. ##
## --------- ##

hostname = ubuntu
uname -m = i686
uname -r = 3.5.0-27-generic
uname -s = Linux
uname -v = #46-Ubuntu SMP Mon Mar 25 20:00:05 UTC 2013

/usr/bin/uname -p = unknown
/bin/uname -X     = unknown

/bin/arch              = unknown
/usr/bin/arch -k       = unknown
/usr/convex/getsysinfo = unknown
hostinfo               = unknown
/bin/machine           = unknown
/usr/bin/oslevel       = unknown
/bin/universe          = unknown

PATH: /usr/lib/lightdm/lightdm
PATH: /usr/local/sbin
PATH: /usr/local/bin
PATH: /usr/sbin
PATH: /usr/bin
PATH: /sbin
PATH: /bin
PATH: /usr/games
PATH: /usr/local/games


## ----------- ##
## Core tests. ##
## ----------- ##

configure:1412: loading site script /home/adelaneacsu/Documents/ftp-grids/gt5.2.4-all-source-installer/./config.site
| # Globus-specific configure defaults. Attempt to be Linux FHS compliant
| 
| # Make sure prefix and exec_prefix have definitions
| test "${prefix}" = NONE && prefix="${GLOBUS_LOCATION:-/usr/local/globus-5.2.4}"
| test "$exec_prefix" = 'NONE' && exec_prefix='${prefix}'
| 
| # Deal with Linux FHS 2.3 lib32/lib64 issues
| # (see installer.configure.in)
| libdir='${exec_prefix}/lib'
| 
| # FHS eliminates libexec, so we'll stick those files in ${datadir}/globus
| test "$libexecdir" = '${exec_prefix}/libexec' && libexecdir='${datadir}/globus'
| 
| # Be more polite about include
| test "$includedir" = '${prefix}/include' && includedir='${prefix}/include/globus'
| # If we're deployed to /usr, we'll use some special smarts to have var and
| # etc be subdirs of / instead of /usr, so they'll be in more expected places
| if test "$prefix" = /usr; then
|     test "$sysconfdir" = '${prefix}/etc' && sysconfdir=/etc
|     test "$sharedstatedir" = '${prefix}/com' && sharedstatedir=/var/globus
|     test "$localstatedir" = '${prefix}/var' && localstatedir=/var/globus
| fi
configure:1514: checking whether to enable maintainer-specific portions of Makefiles
configure:1523: result: no
configure:2079: checking build system type
configure:2097: result: i686-pc-linux-gnu
configure:2105: checking host system type
configure:2119: result: i686-pc-linux-gnu
configure:2173: checking for gcc
configure:2199: result: /usr/bin/gcc
configure:2443: checking for C compiler version
configure:2446: /usr/bin/gcc --version </dev/null >&5
gcc (Ubuntu/Linaro 4.7.2-2ubuntu1) 4.7.2
Copyright (C) 2012 Free Software Foundation, Inc.
This is free software; see the source for copying conditions.  There is NO
warranty; not even for MERCHANTABILITY or FITNESS FOR A PARTICULAR PURPOSE.

configure:2449: $? = 0
configure:2451: /usr/bin/gcc -v </dev/null >&5
Using built-in specs.
COLLECT_GCC=/usr/bin/gcc
COLLECT_LTO_WRAPPER=/usr/lib/gcc/i686-linux-gnu/4.7/lto-wrapper
Target: i686-linux-gnu
Configured with: ../src/configure -v --with-pkgversion='Ubuntu/Linaro 4.7.2-2ubuntu1' --with-bugurl=file:///usr/share/doc/gcc-4.7/README.Bugs --enable-languages=c,c++,go,fortran,objc,obj-c++ --prefix=/usr --program-suffix=-4.7 --enable-shared --enable-linker-build-id --with-system-zlib --libexecdir=/usr/lib --without-included-gettext --enable-threads=posix --with-gxx-include-dir=/usr/include/c++/4.7 --libdir=/usr/lib --enable-nls --with-sysroot=/ --enable-clocale=gnu --enable-libstdcxx-debug --enable-libstdcxx-time=yes --enable-gnu-unique-object --enable-plugin --enable-objc-gc --enable-targets=all --disable-werror --with-arch-32=i686 --with-tune=generic --enable-checking=release --build=i686-linux-gnu --host=i686-linux-gnu --target=i686-linux-gnu
Thread model: posix
gcc version 4.7.2 (Ubuntu/Linaro 4.7.2-2ubuntu1) 
configure:2454: $? = 0
configure:2456: /usr/bin/gcc -V </dev/null >&5
gcc: error: unrecognized command line option '-V'
gcc: fatal error: no input files
compilation terminated.
configure:2459: $? = 4
configure:2482: checking for C compiler default output file name
configure:2485: /usr/bin/gcc -g    -Wall  -I/usr/local/globus-5.2.4/include/globus -I/usr/local/globus-5.2.4/include/globus/gcc32dbg  -L/usr/local/globus-5.2.4/lib   conftest.c    >&5
configure:2488: $? = 0
configure:2534: result: a.out
configure:2539: checking whether the C compiler works
configure:2545: ./a.out
configure:2548: $? = 0
configure:2565: result: yes
configure:2572: checking whether we are cross compiling
configure:2574: result: no
configure:2577: checking for suffix of executables
configure:2579: /usr/bin/gcc -o conftest -g    -Wall  -I/usr/local/globus-5.2.4/include/globus -I/usr/local/globus-5.2.4/include/globus/gcc32dbg  -L/usr/local/globus-5.2.4/lib   conftest.c    >&5
configure:2582: $? = 0
configure:2607: result: 
configure:2613: checking for suffix of object files
configure:2634: /usr/bin/gcc -c -g    -Wall  -I/usr/local/globus-5.2.4/include/globus -I/usr/local/globus-5.2.4/include/globus/gcc32dbg conftest.c >&5
configure:2637: $? = 0
configure:2659: result: o
configure:2663: checking whether we are using the GNU C compiler
configure:2687: /usr/bin/gcc -c -g    -Wall  -I/usr/local/globus-5.2.4/include/globus -I/usr/local/globus-5.2.4/include/globus/gcc32dbg conftest.c >&5
configure:2693: $? = 0
configure:2697: test -z 
			 || test ! -s conftest.err
configure:2700: $? = 0
configure:2703: test -s conftest.o
configure:2706: $? = 0
configure:2719: result: yes
configure:2725: checking whether /usr/bin/gcc accepts -g
configure:2746: /usr/bin/gcc -c -g  -I/usr/local/globus-5.2.4/include/globus -I/usr/local/globus-5.2.4/include/globus/gcc32dbg conftest.c >&5
configure:2752: $? = 0
configure:2756: test -z 
			 || test ! -s conftest.err
configure:2759: $? = 0
configure:2762: test -s conftest.o
configure:2765: $? = 0
configure:2776: result: yes
configure:2793: checking for /usr/bin/gcc option to accept ANSI C
configure:2863: /usr/bin/gcc  -c -g    -Wall  -I/usr/local/globus-5.2.4/include/globus -I/usr/local/globus-5.2.4/include/globus/gcc32dbg conftest.c >&5
configure:2869: $? = 0
configure:2873: test -z 
			 || test ! -s conftest.err
configure:2876: $? = 0
configure:2879: test -s conftest.o
configure:2882: $? = 0
configure:2900: result: none needed
configure:2918: /usr/bin/gcc -c -g    -Wall  -I/usr/local/globus-5.2.4/include/globus -I/usr/local/globus-5.2.4/include/globus/gcc32dbg conftest.c >&5
conftest.c:2:3: error: unknown type name 'choke'
conftest.c:2:3: error: expected '=', ',', ';', 'asm' or '__attribute__' at end of input
configure:2924: $? = 1
configure: failed program was:
| #ifndef __cplusplus
|   choke me
| #endif
configure:3057: checking for a sed that does not truncate output
configure:3113: result: /bin/sed
configure:3116: checking for egrep
configure:3126: result: grep -E
configure:3142: checking for ld used by /usr/bin/gcc
configure:3209: result: /usr/bin/ld
configure:3218: checking if the linker (/usr/bin/ld) is GNU ld
configure:3233: result: yes
configure:3238: checking for /usr/bin/ld option to reload object files
configure:3245: result: -r
configure:3263: checking for BSD-compatible nm
configure:3312: result: /usr/bin/nm -B
configure:3316: checking whether ln -s works
configure:3320: result: yes
configure:3327: checking how to recognise dependent libraries
configure:3503: result: pass_all
configure:3740: checking how to run the C preprocessor
configure:3858: result: /usr/bin/gcc -E
configure:3882: /usr/bin/gcc -E  -I/usr/local/globus-5.2.4/include/globus -I/usr/local/globus-5.2.4/include/globus/gcc32dbg conftest.c
configure:3888: $? = 0
configure:3920: /usr/bin/gcc -E  -I/usr/local/globus-5.2.4/include/globus -I/usr/local/globus-5.2.4/include/globus/gcc32dbg conftest.c
conftest.c:9:28: fatal error: ac_nonexistent.h: No such file or directory
compilation terminated.
configure:3926: $? = 1
configure: failed program was:
| /* confdefs.h.  */
| 
| #define PACKAGE_NAME ""
| #define PACKAGE_TARNAME ""
| #define PACKAGE_VERSION ""
| #define PACKAGE_STRING ""
| #define PACKAGE_BUGREPORT ""
| /* end confdefs.h.  */
| #include <ac_nonexistent.h>
configure:3970: checking for ANSI C header files
configure:3995: /usr/bin/gcc -c -g    -Wall  -I/usr/local/globus-5.2.4/include/globus -I/usr/local/globus-5.2.4/include/globus/gcc32dbg conftest.c >&5
configure:4001: $? = 0
configure:4005: test -z 
			 || test ! -s conftest.err
configure:4008: $? = 0
configure:4011: test -s conftest.o
configure:4014: $? = 0
configure:4103: /usr/bin/gcc -o conftest -g    -Wall  -I/usr/local/globus-5.2.4/include/globus -I/usr/local/globus-5.2.4/include/globus/gcc32dbg  -L/usr/local/globus-5.2.4/lib   conftest.c    >&5
conftest.c: In function 'main':
conftest.c:26:7: warning: implicit declaration of function 'exit' [-Wimplicit-function-declaration]
conftest.c:26:7: warning: incompatible implicit declaration of built-in function 'exit' [enabled by default]
configure:4106: $? = 0
configure:4108: ./conftest
configure:4111: $? = 0
configure:4126: result: yes
configure:4150: checking for sys/types.h
configure:4166: /usr/bin/gcc -c -g    -Wall  -I/usr/local/globus-5.2.4/include/globus -I/usr/local/globus-5.2.4/include/globus/gcc32dbg conftest.c >&5
configure:4172: $? = 0
configure:4176: test -z 
			 || test ! -s conftest.err
configure:4179: $? = 0
configure:4182: test -s conftest.o
configure:4185: $? = 0
configure:4196: result: yes
configure:4150: checking for sys/stat.h
configure:4166: /usr/bin/gcc -c -g    -Wall  -I/usr/local/globus-5.2.4/include/globus -I/usr/local/globus-5.2.4/include/globus/gcc32dbg conftest.c >&5
configure:4172: $? = 0
configure:4176: test -z 
			 || test ! -s conftest.err
configure:4179: $? = 0
configure:4182: test -s conftest.o
configure:4185: $? = 0
configure:4196: result: yes
configure:4150: checking for stdlib.h
configure:4166: /usr/bin/gcc -c -g    -Wall  -I/usr/local/globus-5.2.4/include/globus -I/usr/local/globus-5.2.4/include/globus/gcc32dbg conftest.c >&5
configure:4172: $? = 0
configure:4176: test -z 
			 || test ! -s conftest.err
configure:4179: $? = 0
configure:4182: test -s conftest.o
configure:4185: $? = 0
configure:4196: result: yes
configure:4150: checking for string.h
configure:4166: /usr/bin/gcc -c -g    -Wall  -I/usr/local/globus-5.2.4/include/globus -I/usr/local/globus-5.2.4/include/globus/gcc32dbg conftest.c >&5
configure:4172: $? = 0
configure:4176: test -z 
			 || test ! -s conftest.err
configure:4179: $? = 0
configure:4182: test -s conftest.o
configure:4185: $? = 0
configure:4196: result: yes
configure:4150: checking for memory.h
configure:4166: /usr/bin/gcc -c -g    -Wall  -I/usr/local/globus-5.2.4/include/globus -I/usr/local/globus-5.2.4/include/globus/gcc32dbg conftest.c >&5
configure:4172: $? = 0
configure:4176: test -z 
			 || test ! -s conftest.err
configure:4179: $? = 0
configure:4182: test -s conftest.o
configure:4185: $? = 0
configure:4196: result: yes
configure:4150: checking for strings.h
configure:4166: /usr/bin/gcc -c -g    -Wall  -I/usr/local/globus-5.2.4/include/globus -I/usr/local/globus-5.2.4/include/globus/gcc32dbg conftest.c >&5
configure:4172: $? = 0
configure:4176: test -z 
			 || test ! -s conftest.err
configure:4179: $? = 0
configure:4182: test -s conftest.o
configure:4185: $? = 0
configure:4196: result: yes
configure:4150: checking for inttypes.h
configure:4166: /usr/bin/gcc -c -g    -Wall  -I/usr/local/globus-5.2.4/include/globus -I/usr/local/globus-5.2.4/include/globus/gcc32dbg conftest.c >&5
configure:4172: $? = 0
configure:4176: test -z 
			 || test ! -s conftest.err
configure:4179: $? = 0
configure:4182: test -s conftest.o
configure:4185: $? = 0
configure:4196: result: yes
configure:4150: checking for stdint.h
configure:4166: /usr/bin/gcc -c -g    -Wall  -I/usr/local/globus-5.2.4/include/globus -I/usr/local/globus-5.2.4/include/globus/gcc32dbg conftest.c >&5
configure:4172: $? = 0
configure:4176: test -z 
			 || test ! -s conftest.err
configure:4179: $? = 0
configure:4182: test -s conftest.o
configure:4185: $? = 0
configure:4196: result: yes
configure:4150: checking for unistd.h
configure:4166: /usr/bin/gcc -c -g    -Wall  -I/usr/local/globus-5.2.4/include/globus -I/usr/local/globus-5.2.4/include/globus/gcc32dbg conftest.c >&5
configure:4172: $? = 0
configure:4176: test -z 
			 || test ! -s conftest.err
configure:4179: $? = 0
configure:4182: test -s conftest.o
configure:4185: $? = 0
configure:4196: result: yes
configure:4222: checking dlfcn.h usability
configure:4234: /usr/bin/gcc -c -g    -Wall  -I/usr/local/globus-5.2.4/include/globus -I/usr/local/globus-5.2.4/include/globus/gcc32dbg conftest.c >&5
configure:4240: $? = 0
configure:4244: test -z 
			 || test ! -s conftest.err
configure:4247: $? = 0
configure:4250: test -s conftest.o
configure:4253: $? = 0
configure:4263: result: yes
configure:4267: checking dlfcn.h presence
configure:4277: /usr/bin/gcc -E  -I/usr/local/globus-5.2.4/include/globus -I/usr/local/globus-5.2.4/include/globus/gcc32dbg conftest.c
configure:4283: $? = 0
configure:4303: result: yes
configure:4338: checking for dlfcn.h
configure:4345: result: yes
configure:4452: checking for C++ compiler version
configure:4455: /usr/bin/g++ --version </dev/null >&5
g++ (Ubuntu/Linaro 4.7.2-2ubuntu1) 4.7.2
Copyright (C) 2012 Free Software Foundation, Inc.
This is free software; see the source for copying conditions.  There is NO
warranty; not even for MERCHANTABILITY or FITNESS FOR A PARTICULAR PURPOSE.

configure:4458: $? = 0
configure:4460: /usr/bin/g++ -v </dev/null >&5
Using built-in specs.
COLLECT_GCC=/usr/bin/g++
COLLECT_LTO_WRAPPER=/usr/lib/gcc/i686-linux-gnu/4.7/lto-wrapper
Target: i686-linux-gnu
Configured with: ../src/configure -v --with-pkgversion='Ubuntu/Linaro 4.7.2-2ubuntu1' --with-bugurl=file:///usr/share/doc/gcc-4.7/README.Bugs --enable-languages=c,c++,go,fortran,objc,obj-c++ --prefix=/usr --program-suffix=-4.7 --enable-shared --enable-linker-build-id --with-system-zlib --libexecdir=/usr/lib --without-included-gettext --enable-threads=posix --with-gxx-include-dir=/usr/include/c++/4.7 --libdir=/usr/lib --enable-nls --with-sysroot=/ --enable-clocale=gnu --enable-libstdcxx-debug --enable-libstdcxx-time=yes --enable-gnu-unique-object --enable-plugin --enable-objc-gc --enable-targets=all --disable-werror --with-arch-32=i686 --with-tune=generic --enable-checking=release --build=i686-linux-gnu --host=i686-linux-gnu --target=i686-linux-gnu
Thread model: posix
gcc version 4.7.2 (Ubuntu/Linaro 4.7.2-2ubuntu1) 
configure:4463: $? = 0
configure:4465: /usr/bin/g++ -V </dev/null >&5
g++: error: unrecognized command line option '-V'
g++: fatal error: no input files
compilation terminated.
configure:4468: $? = 4
configure:4471: checking whether we are using the GNU C++ compiler
configure:4495: /usr/bin/g++ -c -g     -I/usr/local/globus-5.2.4/include/globus -I/usr/local/globus-5.2.4/include/globus/gcc32dbg conftest.cc >&5
configure:4501: $? = 0
configure:4505: test -z 
			 || test ! -s conftest.err
configure:4508: $? = 0
configure:4511: test -s conftest.o
configure:4514: $? = 0
configure:4527: result: yes
configure:4533: checking whether /usr/bin/g++ accepts -g
configure:4554: /usr/bin/g++ -c -g  -I/usr/local/globus-5.2.4/include/globus -I/usr/local/globus-5.2.4/include/globus/gcc32dbg conftest.cc >&5
configure:4560: $? = 0
configure:4564: test -z 
			 || test ! -s conftest.err
configure:4567: $? = 0
configure:4570: test -s conftest.o
configure:4573: $? = 0
configure:4584: result: yes
configure:4626: /usr/bin/g++ -c -g     -I/usr/local/globus-5.2.4/include/globus -I/usr/local/globus-5.2.4/include/globus/gcc32dbg conftest.cc >&5
configure:4632: $? = 0
configure:4636: test -z 
			 || test ! -s conftest.err
configure:4639: $? = 0
configure:4642: test -s conftest.o
configure:4645: $? = 0
configure:4671: /usr/bin/g++ -c -g     -I/usr/local/globus-5.2.4/include/globus -I/usr/local/globus-5.2.4/include/globus/gcc32dbg conftest.cc >&5
conftest.cc: In function 'int main()':
conftest.cc:24:9: error: 'exit' was not declared in this scope
configure:4677: $? = 1
configure: failed program was:
| /* confdefs.h.  */
| 
| #define PACKAGE_NAME ""
| #define PACKAGE_TARNAME ""
| #define PACKAGE_VERSION ""
| #define PACKAGE_STRING ""
| #define PACKAGE_BUGREPORT ""
| #define STDC_HEADERS 1
| #define HAVE_SYS_TYPES_H 1
| #define HAVE_SYS_STAT_H 1
| #define HAVE_STDLIB_H 1
| #define HAVE_STRING_H 1
| #define HAVE_MEMORY_H 1
| #define HAVE_STRINGS_H 1
| #define HAVE_INTTYPES_H 1
| #define HAVE_STDINT_H 1
| #define HAVE_UNISTD_H 1
| #define HAVE_DLFCN_H 1
| /* end confdefs.h.  */
| 
| int
| main ()
| {
| exit (42);
|   ;
|   return 0;
| }
configure:4626: /usr/bin/g++ -c -g     -I/usr/local/globus-5.2.4/include/globus -I/usr/local/globus-5.2.4/include/globus/gcc32dbg conftest.cc >&5
conftest.cc:20:40: error: 'void std::exit(int)' should have been declared inside 'std'
configure:4632: $? = 1
configure: failed program was:
| /* confdefs.h.  */
| 
| #define PACKAGE_NAME ""
| #define PACKAGE_TARNAME ""
| #define PACKAGE_VERSION ""
| #define PACKAGE_STRING ""
| #define PACKAGE_BUGREPORT ""
| #define STDC_HEADERS 1
| #define HAVE_SYS_TYPES_H 1
| #define HAVE_SYS_STAT_H 1
| #define HAVE_STDLIB_H 1
| #define HAVE_STRING_H 1
| #define HAVE_MEMORY_H 1
| #define HAVE_STRINGS_H 1
| #define HAVE_INTTYPES_H 1
| #define HAVE_STDINT_H 1
| #define HAVE_UNISTD_H 1
| #define HAVE_DLFCN_H 1
| /* end confdefs.h.  */
| extern "C" void std::exit (int) throw (); using std::exit;
| #include <stdlib.h>
| int
| main ()
| {
| exit (42);
|   ;
|   return 0;
| }
configure:4626: /usr/bin/g++ -c -g     -I/usr/local/globus-5.2.4/include/globus -I/usr/local/globus-5.2.4/include/globus/gcc32dbg conftest.cc >&5
conftest.cc:20:31: error: 'void std::exit(int)' should have been declared inside 'std'
In file included from conftest.cc:21:0:
/usr/include/stdlib.h:544:70: error: declaration of 'void std::exit(int) throw ()' has a different exception specifier
conftest.cc:20:17: error: from previous declaration 'void std::exit(int)'
configure:4632: $? = 1
configure: failed program was:
| /* confdefs.h.  */
| 
| #define PACKAGE_NAME ""
| #define PACKAGE_TARNAME ""
| #define PACKAGE_VERSION ""
| #define PACKAGE_STRING ""
| #define PACKAGE_BUGREPORT ""
| #define STDC_HEADERS 1
| #define HAVE_SYS_TYPES_H 1
| #define HAVE_SYS_STAT_H 1
| #define HAVE_STDLIB_H 1
| #define HAVE_STRING_H 1
| #define HAVE_MEMORY_H 1
| #define HAVE_STRINGS_H 1
| #define HAVE_INTTYPES_H 1
| #define HAVE_STDINT_H 1
| #define HAVE_UNISTD_H 1
| #define HAVE_DLFCN_H 1
| /* end confdefs.h.  */
| extern "C" void std::exit (int); using std::exit;
| #include <stdlib.h>
| int
| main ()
| {
| exit (42);
|   ;
|   return 0;
| }
configure:4626: /usr/bin/g++ -c -g     -I/usr/local/globus-5.2.4/include/globus -I/usr/local/globus-5.2.4/include/globus/gcc32dbg conftest.cc >&5
configure:4632: $? = 0
configure:4636: test -z 
			 || test ! -s conftest.err
configure:4639: $? = 0
configure:4642: test -s conftest.o
configure:4645: $? = 0
configure:4671: /usr/bin/g++ -c -g     -I/usr/local/globus-5.2.4/include/globus -I/usr/local/globus-5.2.4/include/globus/gcc32dbg conftest.cc >&5
configure:4677: $? = 0
configure:4681: test -z 
			 || test ! -s conftest.err
configure:4684: $? = 0
configure:4687: test -s conftest.o
configure:4690: $? = 0
configure:4723: checking how to run the C++ preprocessor
configure:4837: result: /usr/bin/g++ -E
configure:4861: /usr/bin/g++ -E  -I/usr/local/globus-5.2.4/include/globus -I/usr/local/globus-5.2.4/include/globus/gcc32dbg conftest.cc
configure:4867: $? = 0
configure:4899: /usr/bin/g++ -E  -I/usr/local/globus-5.2.4/include/globus -I/usr/local/globus-5.2.4/include/globus/gcc32dbg conftest.cc
conftest.cc:23:28: fatal error: ac_nonexistent.h: No such file or directory
compilation terminated.
configure:4905: $? = 1
configure: failed program was:
| /* confdefs.h.  */
| 
| #define PACKAGE_NAME ""
| #define PACKAGE_TARNAME ""
| #define PACKAGE_VERSION ""
| #define PACKAGE_STRING ""
| #define PACKAGE_BUGREPORT ""
| #define STDC_HEADERS 1
| #define HAVE_SYS_TYPES_H 1
| #define HAVE_SYS_STAT_H 1
| #define HAVE_STDLIB_H 1
| #define HAVE_STRING_H 1
| #define HAVE_MEMORY_H 1
| #define HAVE_STRINGS_H 1
| #define HAVE_INTTYPES_H 1
| #define HAVE_STDINT_H 1
| #define HAVE_UNISTD_H 1
| #define HAVE_DLFCN_H 1
| #ifdef __cplusplus
| extern "C" void exit (int) throw ();
| #endif
| /* end confdefs.h.  */
| #include <ac_nonexistent.h>
configure:5002: checking for g77
configure:5031: result: no
configure:5002: checking for f77
configure:5031: result: no
configure:5002: checking for xlf
configure:5031: result: no
configure:5002: checking for frt
configure:5031: result: no
configure:5002: checking for pgf77
configure:5031: result: no
configure:5002: checking for fort77
configure:5031: result: no
configure:5002: checking for fl32
configure:5031: result: no
configure:5002: checking for af77
configure:5031: result: no
configure:5002: checking for f90
configure:5031: result: no
configure:5002: checking for xlf90
configure:5031: result: no
configure:5002: checking for pgf90
configure:5031: result: no
configure:5002: checking for epcf90
configure:5031: result: no
configure:5002: checking for f95
configure:5031: result: no
configure:5002: checking for fort
configure:5031: result: no
configure:5002: checking for xlf95
configure:5031: result: no
configure:5002: checking for ifc
configure:5031: result: no
configure:5002: checking for efc
configure:5031: result: no
configure:5002: checking for pgf95
configure:5031: result: no
configure:5002: checking for lf95
configure:5031: result: no
configure:5002: checking for gfortran
configure:5031: result: no
configure:5043: checking for Fortran 77 compiler version
configure:5046:  --version </dev/null >&5
./configure: line 5047: --version: command not found
configure:5049: $? = 127
configure:5051:  -v </dev/null >&5
./configure: line 5052: -v: command not found
configure:5054: $? = 127
configure:5056:  -V </dev/null >&5
./configure: line 5057: -V: command not found
configure:5059: $? = 127
configure:5067: checking whether we are using the GNU Fortran 77 compiler
configure:5081:  -c  conftest.F >&5
./configure: line 5082: -c: command not found
configure:5087: $? = 127
configure: failed program was:
|       program main
| #ifndef __GNUC__
|        choke me
| #endif
| 
|       end
configure:5113: result: no
configure:5119: checking whether  accepts -g
configure:5131:  -c -g conftest.f >&5
./configure: line 5132: -c: command not found
configure:5137: $? = 127
configure: failed program was:
|       program main
| 
|       end
configure:5162: result: no
configure:5192: checking the maximum length of command line arguments
configure:5301: result: 32768
configure:5312: checking command to parse /usr/bin/nm -B output from /usr/bin/gcc object
configure:5417: /usr/bin/gcc -c -g    -Wall  -I/usr/local/globus-5.2.4/include/globus -I/usr/local/globus-5.2.4/include/globus/gcc32dbg conftest.c >&5
configure:5420: $? = 0
configure:5424: /usr/bin/nm -B conftest.o \| sed -n -e 's/^.*[ 	]\([ABCDGIRSTW][ABCDGIRSTW]*\)[ 	][ 	]*\([_A-Za-z][_A-Za-z0-9]*\)$/\1 \2 \2/p' \> conftest.nm
configure:5427: $? = 0
configure:5479: /usr/bin/gcc -o conftest -g    -Wall  -I/usr/local/globus-5.2.4/include/globus -I/usr/local/globus-5.2.4/include/globus/gcc32dbg  -L/usr/local/globus-5.2.4/lib   conftest.c conftstm.o >&5
configure:5482: $? = 0
configure:5520: result: ok
configure:5524: checking for objdir
configure:5539: result: .libs
configure:5629: checking for ar
configure:5656: result: /usr/bin/ar
configure:5709: checking for ranlib
configure:5736: result: /usr/bin/ranlib
configure:5789: checking for strip
configure:5805: found /usr/bin/strip
configure:5816: result: strip
configure:6088: checking if /usr/bin/gcc supports -fno-rtti -fno-exceptions
configure:6106: /usr/bin/gcc -c -g    -Wall  -I/usr/local/globus-5.2.4/include/globus -I/usr/local/globus-5.2.4/include/globus/gcc32dbg -fno-rtti -fno-exceptions conftest.c >&5
cc1: warning: command line option '-fno-rtti' is valid for C++/ObjC++ but not for C [enabled by default]
configure:6110: $? = 0
configure:6123: result: no
configure:6138: checking for /usr/bin/gcc option to produce PIC
configure:6348: result: -fPIC
configure:6356: checking if /usr/bin/gcc PIC flag -fPIC works
configure:6374: /usr/bin/gcc -c -g    -Wall  -I/usr/local/globus-5.2.4/include/globus -I/usr/local/globus-5.2.4/include/globus/gcc32dbg -fPIC -DPIC conftest.c >&5
configure:6378: $? = 0
configure:6391: result: yes
configure:6419: checking if /usr/bin/gcc static flag -static works
configure:6447: result: yes
configure:6457: checking if /usr/bin/gcc supports -c -o file.o
configure:6478: /usr/bin/gcc -c -g    -Wall  -I/usr/local/globus-5.2.4/include/globus -I/usr/local/globus-5.2.4/include/globus/gcc32dbg -o out/conftest2.o conftest.c >&5
configure:6482: $? = 0
configure:6504: result: yes
configure:6530: checking whether the /usr/bin/gcc linker (/usr/bin/ld) supports shared libraries
configure:7488: result: yes
configure:7509: checking whether -lc should be explicitly linked in
configure:7514: /usr/bin/gcc -c -g    -Wall  -I/usr/local/globus-5.2.4/include/globus -I/usr/local/globus-5.2.4/include/globus/gcc32dbg conftest.c >&5
configure:7517: $? = 0
configure:7532: /usr/bin/gcc -shared conftest.o  -v -Wl,-soname -Wl,conftest -o conftest 2\>\&1 \| grep  -lc  \>/dev/null 2\>\&1
configure:7535: $? = 0
configure:7547: result: no
configure:7555: checking dynamic linker characteristics
configure:8164: result: GNU/Linux ld.so
configure:8173: checking how to hardcode library paths into programs
configure:8198: result: immediate
configure:8212: checking whether stripping libraries is possible
configure:8217: result: yes
configure:9051: checking if libtool supports shared libraries
configure:9053: result: yes
configure:9056: checking whether to build shared libraries
configure:9077: result: yes
configure:9080: checking whether to build static libraries
configure:9084: result: yes
configure:9176: creating libtool
configure:9767: checking for ld used by /usr/bin/g++
configure:9834: result: /usr/bin/ld
configure:9843: checking if the linker (/usr/bin/ld) is GNU ld
configure:9858: result: yes
configure:9909: checking whether the /usr/bin/g++ linker (/usr/bin/ld) supports shared libraries
configure:10847: result: yes
configure:10865: /usr/bin/g++ -c -g     -I/usr/local/globus-5.2.4/include/globus -I/usr/local/globus-5.2.4/include/globus/gcc32dbg conftest.cpp >&5
configure:10868: $? = 0
configure:10987: checking for /usr/bin/g++ option to produce PIC
configure:11261: result: -fPIC
configure:11269: checking if /usr/bin/g++ PIC flag -fPIC works
configure:11287: /usr/bin/g++ -c -g     -I/usr/local/globus-5.2.4/include/globus -I/usr/local/globus-5.2.4/include/globus/gcc32dbg -fPIC -DPIC conftest.cpp >&5
configure:11291: $? = 0
configure:11304: result: yes
configure:11332: checking if /usr/bin/g++ static flag -static works
configure:11360: result: yes
configure:11370: checking if /usr/bin/g++ supports -c -o file.o
configure:11391: /usr/bin/g++ -c -g     -I/usr/local/globus-5.2.4/include/globus -I/usr/local/globus-5.2.4/include/globus/gcc32dbg -o out/conftest2.o conftest.cpp >&5
configure:11395: $? = 0
configure:11417: result: yes
configure:11443: checking whether the /usr/bin/g++ linker (/usr/bin/ld) supports shared libraries
configure:11468: result: yes
configure:11535: checking dynamic linker characteristics
configure:12144: result: GNU/Linux ld.so
configure:12153: checking how to hardcode library paths into programs
configure:12178: result: immediate
configure:18398: checking for a BSD-compatible install
configure:18453: result: /usr/bin/install -c
configure:18464: checking whether build environment is sane
configure:18507: result: yes
configure:18572: checking for gawk
configure:18601: result: no
configure:18572: checking for mawk
configure:18588: found /usr/bin/mawk
configure:18598: result: mawk
configure:18608: checking whether make sets $(MAKE)
configure:18628: result: yes
configure:18658: checking for style of include used by make
configure:18686: result: GNU
configure:18862: checking dependency style of /usr/bin/gcc
configure:18952: result: none
configure:18971: checking dependency style of /usr/bin/g++
configure:19061: result: none
configure:19493: creating ./config.status

## ---------------------- ##
## Running config.status. ##
## ---------------------- ##

This file was extended by config.status, which was
generated by GNU Autoconf 2.59.  Invocation command line was

  CONFIG_FILES    = 
  CONFIG_HEADERS  = 
  CONFIG_LINKS    = 
  CONFIG_COMMANDS = 
  $ ./config.status 

on ubuntu

config.status:787: creating pkgdata/globus-xio-gridftp-multicast.pc
config.status:787: creating Makefile
config.status:787: creating pkgdata/Makefile
config.status:787: creating pkgdata/pkg_data_src.gpt
config.status:787: creating version.h
config.status:970: executing depfiles commands

## ---------------- ##
## Cache variables. ##
## ---------------- ##

ac_cv_build=i686-pc-linux-gnu
ac_cv_build_alias=i686-pc-linux-gnu
ac_cv_c_compiler_gnu=yes
ac_cv_cxx_compiler_gnu=yes
ac_cv_env_CC_set=
ac_cv_env_CC_value=
ac_cv_env_CFLAGS_set=
ac_cv_env_CFLAGS_value=
ac_cv_env_CPPFLAGS_set=
ac_cv_env_CPPFLAGS_value=
ac_cv_env_CPP_set=
ac_cv_env_CPP_value=
ac_cv_env_CXXCPP_set=
ac_cv_env_CXXCPP_value=
ac_cv_env_CXXFLAGS_set=
ac_cv_env_CXXFLAGS_value=
ac_cv_env_CXX_set=
ac_cv_env_CXX_value=
ac_cv_env_F77_set=
ac_cv_env_F77_value=
ac_cv_env_FFLAGS_set=
ac_cv_env_FFLAGS_value=
ac_cv_env_LDFLAGS_set=
ac_cv_env_LDFLAGS_value=
ac_cv_env_build_alias_set=
ac_cv_env_build_alias_value=
ac_cv_env_host_alias_set=
ac_cv_env_host_alias_value=
ac_cv_env_target_alias_set=
ac_cv_env_target_alias_value=
ac_cv_exeext=
ac_cv_f77_compiler_gnu=no
ac_cv_header_dlfcn_h=yes
ac_cv_header_inttypes_h=yes
ac_cv_header_memory_h=yes
ac_cv_header_stdc=yes
ac_cv_header_stdint_h=yes
ac_cv_header_stdlib_h=yes
ac_cv_header_string_h=yes
ac_cv_header_strings_h=yes
ac_cv_header_sys_stat_h=yes
ac_cv_header_sys_types_h=yes
ac_cv_header_unistd_h=yes
ac_cv_host=i686-pc-linux-gnu
ac_cv_host_alias=i686-pc-linux-gnu
ac_cv_objext=o
ac_cv_path_install='/usr/bin/install -c'
ac_cv_prog_AWK=mawk
ac_cv_prog_CPP='/usr/bin/gcc -E'
ac_cv_prog_CXXCPP='/usr/bin/g++ -E'
ac_cv_prog_ac_ct_AR=/usr/bin/ar
ac_cv_prog_ac_ct_CC=/usr/bin/gcc
ac_cv_prog_ac_ct_RANLIB=/usr/bin/ranlib
ac_cv_prog_ac_ct_STRIP=strip
ac_cv_prog_cc_g=yes
ac_cv_prog_cc_stdc=
ac_cv_prog_cxx_g=yes
ac_cv_prog_egrep='grep -E'
ac_cv_prog_f77_g=no
ac_cv_prog_make_make_set=yes
am_cv_CC_dependencies_compiler_type=none
am_cv_CXX_dependencies_compiler_type=none
lt_cv_deplibs_check_method=pass_all
lt_cv_file_magic_cmd='$MAGIC_CMD'
lt_cv_file_magic_test_file=
lt_cv_ld_reload_flag=-r
lt_cv_objdir=.libs
lt_cv_path_LD=/usr/bin/ld
lt_cv_path_LDCXX=/usr/bin/ld
lt_cv_path_NM='/usr/bin/nm -B'
lt_cv_path_SED=/bin/sed
lt_cv_prog_compiler_c_o=yes
lt_cv_prog_compiler_c_o_CXX=yes
lt_cv_prog_compiler_rtti_exceptions=no
lt_cv_prog_gnu_ld=yes
lt_cv_prog_gnu_ldcxx=yes
lt_cv_sys_global_symbol_pipe='sed -n -e '\''s/^.*[ 	]\([ABCDGIRSTW][ABCDGIRSTW]*\)[ 	][ 	]*\([_A-Za-z][_A-Za-z0-9]*\)$/\1 \2 \2/p'\'''
lt_cv_sys_global_symbol_to_c_name_address='sed -n -e '\''s/^: \([^ ]*\) $/  {\"\1\", (lt_ptr) 0},/p'\'' -e '\''s/^[BCDEGRST] \([^ ]*\) \([^ ]*\)$/  {"\2", (lt_ptr) \&\2},/p'\'''
lt_cv_sys_global_symbol_to_cdecl='sed -n -e '\''s/^. .* \(.*\)$/extern int \1;/p'\'''
lt_cv_sys_max_cmd_len=32768
lt_lt_cv_prog_compiler_c_o='"yes"'
lt_lt_cv_prog_compiler_c_o_CXX='"yes"'
lt_lt_cv_sys_global_symbol_pipe='"sed -n -e '\''s/^.*[ 	]\\([ABCDGIRSTW][ABCDGIRSTW]*\\)[ 	][ 	]*\\([_A-Za-z][_A-Za-z0-9]*\\)\$/\\1 \\2 \\2/p'\''"'
lt_lt_cv_sys_global_symbol_to_c_name_address='"sed -n -e '\''s/^: \\([^ ]*\\) \$/  {\\\"\\1\\\", (lt_ptr) 0},/p'\'' -e '\''s/^[BCDEGRST] \\([^ ]*\\) \\([^ ]*\\)\$/  {\"\\2\", (lt_ptr) \\&\\2},/p'\''"'
lt_lt_cv_sys_global_symbol_to_cdecl='"sed -n -e '\''s/^. .* \\(.*\\)\$/extern int \\1;/p'\''"'

## ----------------- ##
## Output variables. ##
## ----------------- ##

ACLOCAL='${SHELL} /home/adelaneacsu/Documents/ftp-grids/gt5.2.4-all-source-installer/source-trees/gridftp/server/multi/source/missing --run aclocal-1.9'
AMDEPBACKSLASH='\'
AMDEP_FALSE='#'
AMDEP_TRUE=''
AMTAR='${SHELL} /home/adelaneacsu/Documents/ftp-grids/gt5.2.4-all-source-installer/source-trees/gridftp/server/multi/source/missing --run tar'
AR='/usr/bin/ar'
ARFLAGS='ruv'
AUTOCONF='${SHELL} /home/adelaneacsu/Documents/ftp-grids/gt5.2.4-all-source-installer/source-trees/gridftp/server/multi/source/missing --run autoconf'
AUTOHEADER='${SHELL} /home/adelaneacsu/Documents/ftp-grids/gt5.2.4-all-source-installer/source-trees/gridftp/server/multi/source/missing --run autoheader'
AUTOMAKE='${SHELL} /home/adelaneacsu/Documents/ftp-grids/gt5.2.4-all-source-installer/source-trees/gridftp/server/multi/source/missing --run automake-1.9'
AWK='mawk'
CC='/usr/bin/gcc'
CCDEPMODE='depmode=none'
CFLAGS='-g    -Wall'
CPP='/usr/bin/gcc -E'
CPPFLAGS=' -I/usr/local/globus-5.2.4/include/globus -I/usr/local/globus-5.2.4/include/globus/gcc32dbg'
CROSS='no'
CXX='/usr/bin/g++'
CXXCPP='/usr/bin/g++ -E'
CXXDEPMODE='depmode=none'
CXXFLAGS='-g   '
CYGPATH_W='echo'
DEFS='-DPACKAGE_NAME=\"\" -DPACKAGE_TARNAME=\"\" -DPACKAGE_VERSION=\"\" -DPACKAGE_STRING=\"\" -DPACKAGE_BUGREPORT=\"\" -DSTDC_HEADERS=1 -DHAVE_SYS_TYPES_H=1 -DHAVE_SYS_STAT_H=1 -DHAVE_STDLIB_H=1 -DHAVE_STRING_H=1 -DHAVE_MEMORY_H=1 -DHAVE_STRINGS_H=1 -DHAVE_INTTYPES_H=1 -DHAVE_STDINT_H=1 -DHAVE_UNISTD_H=1 -DHAVE_DLFCN_H=1 -DPACKAGE=\"globus_xio_gridftp_multicast\" -DVERSION=\"0.1\" '
DEPDIR='.deps'
DIRT_BRANCH_ID='1'
DIRT_TIMESTAMP='1172942451'
DOT=''
DOXYFILE='Doxyfile'
DOXYGEN=''
ECHO='echo'
ECHO_C=''
ECHO_N='-n'
ECHO_T=''
EGREP='grep -E'
ENABLE_PROGRAMS_FALSE='#'
ENABLE_PROGRAMS_TRUE=''
EXEEXT=''
F77=''
F77FLAGS=' '
F90=''
F90FLAGS=' '
FFLAGS=''
FILELIST_FILE='/home/adelaneacsu/Documents/ftp-grids/gt5.2.4-all-source-installer/source-trees/gridftp/server/multi/source/pkgdata/master.filelist'
GLOBUS_FLAVOR_NAME='gcc32dbg'
GPT_AGE_VERSION='0'
GPT_CFLAGS=' '
GPT_CONFIG_CFLAGS=' '
GPT_CONFIG_INCLUDES=' '
GPT_CONFIG_LIBS=' -lm '
GPT_CONFIG_PKG_LIBS=' -lglobus_ftp_client -lglobus_ftp_control -lglobus_io -lglobus_gssapi_error -lglobus_gss_assist -lglobus_gssapi_gsi -lglobus_gsi_proxy_core -lglobus_gsi_credential -lglobus_gsi_callback -lglobus_oldgaa -lglobus_gsi_sysconfig -lglobus_gsi_cert_utils -lglobus_openssl -lglobus_xio -lglobus_openssl_error -lglobus_callout -lglobus_proxy_ssl -lglobus_common '
GPT_EXTERNAL_INCLUDES=''
GPT_EXTERNAL_LIBS=''
GPT_INCLUDES=' '
GPT_IS_2='yes'
GPT_LDFLAGS=' '
GPT_LIBS=' -lglobus_ftp_client -lglobus_ftp_control -lglobus_io -lglobus_gssapi_error -lglobus_gss_assist -lglobus_gssapi_gsi -lglobus_gsi_proxy_core -lglobus_gsi_credential -lglobus_gsi_callback -lglobus_oldgaa -lglobus_gsi_sysconfig -lglobus_gsi_cert_utils -lglobus_openssl -lglobus_xio -lglobus_openssl_error -lglobus_callout -lglobus_proxy_ssl -lglobus_common   -lm '
GPT_LIB_LINKS='-version-info 0:1:0  -lglobus_ftp_client -lglobus_ftp_control -lglobus_io -lglobus_gssapi_error -lglobus_gss_assist -lglobus_gssapi_gsi -lglobus_gsi_proxy_core -lglobus_gsi_credential -lglobus_gsi_callback -lglobus_oldgaa -lglobus_gsi_sysconfig -lglobus_gsi_cert_utils -lglobus_openssl -lglobus_xio -lglobus_openssl_error -lglobus_callout -lglobus_proxy_ssl -lglobus_common   -lm '
GPT_LINKTYPE='shared'
GPT_LOCATION='/usr/local/globus-5.2.4'
GPT_MAJOR_VERSION='0'
GPT_MINOR_VERSION='1'
GPT_PGM_LINKS=' -lglobus_ftp_client -lglobus_ftp_control -lglobus_io -lglobus_gssapi_error -lglobus_gss_assist -lglobus_gssapi_gsi -lglobus_gsi_proxy_core -lglobus_gsi_credential -lglobus_gsi_callback -lglobus_oldgaa -lglobus_gsi_sysconfig -lglobus_gsi_cert_utils -lglobus_openssl -lglobus_xio -lglobus_openssl_error -lglobus_callout -lglobus_proxy_ssl -lglobus_common   -lm '
GPT_PKGCONFIG_DEPENDENCIES=''
GPT_PKG_CFLAGS=''
HAVE_DOT=''
INSTALL_DATA='${INSTALL} -m 644'
INSTALL_PROGRAM='${INSTALL}'
INSTALL_SCRIPT='${INSTALL}'
INSTALL_STRIP_PROGRAM='${SHELL} $(install_sh) -c -s'
INSURE=''
LD='/usr/bin/ld'
LDFLAGS=' -L/usr/local/globus-5.2.4/lib  '
LIBOBJS=''
LIBS='  '
LIBTOOL='$(SHELL) $(top_builddir)/libtool'
LN_S='ln -s'
LTLIBOBJS=''
MAINT='#'
MAINTAINER_MODE_FALSE=''
MAINTAINER_MODE_TRUE='#'
MAKEINFO='${SHELL} /home/adelaneacsu/Documents/ftp-grids/gt5.2.4-all-source-installer/source-trees/gridftp/server/multi/source/missing --run makeinfo'
OBJECT_MODE=''
OBJEXT='o'
PACKAGE='globus_xio_gridftp_multicast'
PACKAGE_BUGREPORT=''
PACKAGE_NAME=''
PACKAGE_STRING=''
PACKAGE_TARNAME=''
PACKAGE_VERSION=''
PATH_SEPARATOR=':'
PERL='/usr/bin/perl'
RANLIB='/usr/bin/ranlib'
SED='/bin/sed'
SET_MAKE=''
SHELL='/bin/bash'
STRIP='strip'
VERSION='0.1'
WITHOUT_FLAVORS_FALSE=''
WITHOUT_FLAVORS_TRUE='#'
ac_ct_AR='/usr/bin/ar'
ac_ct_CC='/usr/bin/gcc'
ac_ct_CXX=''
ac_ct_F77=''
ac_ct_RANLIB='/usr/bin/ranlib'
ac_ct_STRIP='strip'
aclocaldir='${datadir}/globus/aclocal'
am__fastdepCC_FALSE=''
am__fastdepCC_TRUE='#'
am__fastdepCXX_FALSE=''
am__fastdepCXX_TRUE='#'
am__include='include'
am__leading_dot='.'
am__quote=''
am__tar='${AMTAR} chof - "$$tardir"'
am__untar='${AMTAR} xf -'
bindir='${exec_prefix}/bin'
build='i686-pc-linux-gnu'
build_alias=''
build_cpu='i686'
build_os='linux-gnu'
build_vendor='pc'
builddir='/home/adelaneacsu/Documents/ftp-grids/gt5.2.4-all-source-installer/source-trees/gridftp/server/multi/source'
cross_compiling='no'
datadir='${prefix}/share'
datarootdir='${prefix}/share'
docdir='${datadir}/doc/${PACKAGE}'
doxygendir='/usr/local/globus-5.2.4/share/doxygen'
exec_prefix='${prefix}'
flavorincludedir='${includedir}/${GLOBUS_FLAVOR_NAME}'
host='i686-pc-linux-gnu'
host_alias=''
host_cpu='i686'
host_os='linux-gnu'
host_vendor='pc'
includedir='${prefix}/include/globus'
infodir='${prefix}/info'
install_sh='/home/adelaneacsu/Documents/ftp-grids/gt5.2.4-all-source-installer/source-trees/gridftp/server/multi/source/install-sh'
lac_doxygen_examples=''
lac_doxygen_file_patterns=''
lac_doxygen_input_filter=''
lac_doxygen_installdox=''
lac_doxygen_internal_tagfiles=''
lac_doxygen_output_tagfile=''
lac_doxygen_predefines=''
lac_doxygen_project=''
lac_doxygen_srcdirs=''
lac_doxygen_tagfiles=''
libdir='${exec_prefix}/lib'
libexecdir='${datadir}/globus'
localstatedir='${prefix}/var'
mandir='${prefix}/man'
mkdir_p='mkdir -p --'
oldincludedir='/usr/include'
perlmoduledir='${prefix}/lib/perl'
pkgconfdir='${libdir}/pkgconfig'
pkgconffile='globus-xio-gridftp-multicast.pc'
pkgconffile_in='pkg_data_src.pc.in'
pkgdir='${datadir}/globus/packages/${PACKAGE}'
prefix='/usr/local/globus-5.2.4'
program_transform_name='s,x,x,'
sbindir='${exec_prefix}/sbin'
setupdir='${prefix}/setup/globus'
sharedstatedir='${prefix}/com'
sysconfdir='${prefix}/etc'
target_alias=''
testdir='${prefix}/test/${PACKAGE}'

## ------------- ##
## Output files. ##
## ------------- ##

GLOBUS_LIBDIR_CHOICE='globus-script-libdir-choice'
GLOBUS_PERL_INITIALIZER='globus-perl-initializer'
GLOBUS_PERL_LIBDIR_CHOICE='globus-perl-libdir-choice'
GLOBUS_SCRIPT_INITIALIZER='globus-script-initializer'

## ----------- ##
## confdefs.h. ##
## ----------- ##

#define HAVE_DLFCN_H 1
#define HAVE_INTTYPES_H 1
#define HAVE_MEMORY_H 1
#define HAVE_STDINT_H 1
#define HAVE_STDLIB_H 1
#define HAVE_STRINGS_H 1
#define HAVE_STRING_H 1
#define HAVE_SYS_STAT_H 1
#define HAVE_SYS_TYPES_H 1
#define HAVE_UNISTD_H 1
#define PACKAGE "globus_xio_gridftp_multicast"
#define PACKAGE_BUGREPORT ""
#define PACKAGE_NAME ""
#define PACKAGE_STRING ""
#define PACKAGE_TARNAME ""
#define PACKAGE_VERSION ""
#define STDC_HEADERS 1
#define VERSION "0.1"
#endif
#ifdef __cplusplus
extern "C" void exit (int) throw ();

configure: exit 0
